0 info it worked if it ends with ok
1 verbose cli [ '/Users/sebs/.nvm/versions/node/v6.7.0/bin/node',
1 verbose cli   '/Users/sebs/.nvm/versions/node/v6.7.0/bin/npm',
1 verbose cli   'run',
1 verbose cli   'changelog' ]
2 info using npm@3.10.3
3 info using node@v6.7.0
4 verbose run-script [ 'prechangelog', 'changelog', 'postchangelog' ]
5 info lifecycle etherscan-api@2.1.2~prechangelog: etherscan-api@2.1.2
6 silly lifecycle etherscan-api@2.1.2~prechangelog: no script for prechangelog, continuing
7 info lifecycle etherscan-api@2.1.2~changelog: etherscan-api@2.1.2
8 verbose lifecycle etherscan-api@2.1.2~changelog: unsafe-perm in lifecycle true
9 verbose lifecycle etherscan-api@2.1.2~changelog: PATH: /Users/sebs/.nvm/versions/node/v6.7.0/lib/node_modules/npm/bin/node-gyp-bin:/Users/sebs/projects/opensource/etherscan-api/node_modules/.bin:/Users/sebs/.nvm/versions/node/v6.7.0/bin:/Users/sebs/.nvm/versions/node/v6.7.0/bin:/usr/local/bin:/usr/bin:/bin:/usr/sbin:/sbin:/usr/local/go/bin
10 verbose lifecycle etherscan-api@2.1.2~changelog: CWD: /Users/sebs/projects/opensource/etherscan-api
11 silly lifecycle etherscan-api@2.1.2~changelog: Args: [ '-c',
11 silly lifecycle   'rm CHANGELOG.md && changelog https://github.com/sebs/etherscan-api all > ./docs/CHANGELOG.md && git add . && git commit . -m changelog' ]
12 silly lifecycle etherscan-api@2.1.2~changelog: Returned: code: 1  signal: null
13 info lifecycle etherscan-api@2.1.2~changelog: Failed to exec changelog script
14 verbose stack Error: etherscan-api@2.1.2 changelog: `rm CHANGELOG.md && changelog https://github.com/sebs/etherscan-api all > ./docs/CHANGELOG.md && git add . && git commit . -m changelog`
14 verbose stack Exit status 1
14 verbose stack     at EventEmitter.<anonymous> (/Users/sebs/.nvm/versions/node/v6.7.0/lib/node_modules/npm/lib/utils/lifecycle.js:242:16)
14 verbose stack     at emitTwo (events.js:106:13)
14 verbose stack     at EventEmitter.emit (events.js:191:7)
14 verbose stack     at ChildProcess.<anonymous> (/Users/sebs/.nvm/versions/node/v6.7.0/lib/node_modules/npm/lib/utils/spawn.js:40:14)
14 verbose stack     at emitTwo (events.js:106:13)
14 verbose stack     at ChildProcess.emit (events.js:191:7)
14 verbose stack     at maybeClose (internal/child_process.js:877:16)
14 verbose stack     at Process.ChildProcess._handle.onexit (internal/child_process.js:226:5)
15 verbose pkgid etherscan-api@2.1.2
16 verbose cwd /Users/sebs/projects/opensource/etherscan-api
17 error Darwin 16.0.0
18 error argv "/Users/sebs/.nvm/versions/node/v6.7.0/bin/node" "/Users/sebs/.nvm/versions/node/v6.7.0/bin/npm" "run" "changelog"
19 error node v6.7.0
20 error npm  v3.10.3
21 error code ELIFECYCLE
22 error etherscan-api@2.1.2 changelog: `rm CHANGELOG.md && changelog https://github.com/sebs/etherscan-api all > ./docs/CHANGELOG.md && git add . && git commit . -m changelog`
22 error Exit status 1
23 error Failed at the etherscan-api@2.1.2 changelog script 'rm CHANGELOG.md && changelog https://github.com/sebs/etherscan-api all > ./docs/CHANGELOG.md && git add . && git commit . -m changelog'.
23 error Make sure you have the latest version of node.js and npm installed.
23 error If you do, this is most likely a problem with the etherscan-api package,
23 error not with npm itself.
23 error Tell the author that this fails on your system:
23 error     rm CHANGELOG.md && changelog https://github.com/sebs/etherscan-api all > ./docs/CHANGELOG.md && git add . && git commit . -m changelog
23 error You can get information on how to open an issue for this project with:
23 error     npm bugs etherscan-api
23 error Or if that isn't available, you can get their info via:
23 error     npm owner ls etherscan-api
23 error There is likely additional logging output above.
24 verbose exit [ 1, true ]
